<?xml version="1.0" encoding="UTF-8"?>
<testsuite xmlns:xsi="http://www.w3.org/2001/XMLSchema-instance" xsi:noNamespaceSchemaLocation="https://maven.apache.org/surefire/maven-surefire-plugin/xsd/surefire-test-report.xsd" name="mylib.datastructures.SLLTest" time="0.001" tests="22" errors="0" skipped="0" failures="0">
  <properties>
    <property name="sun.desktop" value="windows"/>
    <property name="awt.toolkit" value="sun.awt.windows.WToolkit"/>
    <property name="java.specification.version" value="11"/>
    <property name="sun.cpu.isalist" value="amd64"/>
    <property name="sun.jnu.encoding" value="Cp1252"/>
    <property name="java.class.path" value="C:\Users\casua\OneDrive - University of Calgary\School\ENSF 338\338FinalProject\my-api\target\test-classes;C:\Users\casua\OneDrive - University of Calgary\School\ENSF 338\338FinalProject\my-api\target\classes;C:\Users\casua\.m2\repository\junit\junit\4.11\junit-4.11.jar;C:\Users\casua\.m2\repository\org\hamcrest\hamcrest-core\1.3\hamcrest-core-1.3.jar;"/>
    <property name="java.vm.vendor" value="Oracle Corporation"/>
    <property name="sun.arch.data.model" value="64"/>
    <property name="user.variant" value=""/>
    <property name="java.vendor.url" value="https://openjdk.java.net/"/>
    <property name="user.timezone" value="America/Denver"/>
    <property name="java.vm.specification.version" value="11"/>
    <property name="os.name" value="Windows 10"/>
    <property name="sun.java.launcher" value="SUN_STANDARD"/>
    <property name="user.country" value="CA"/>
    <property name="sun.boot.library.path" value="C:\Program Files\Java\jdk-11.0.17\bin"/>
    <property name="sun.java.command" value="C:\Users\casua\AppData\Local\Temp\surefire6739545172778775234\surefirebooter8342103678036233465.jar C:\Users\casua\AppData\Local\Temp\surefire6739545172778775234 2023-04-12T13-29-03_624-jvmRun1 surefire1298007584717972959tmp surefire_03680366481419746365tmp"/>
    <property name="jdk.debug" value="release"/>
    <property name="surefire.test.class.path" value="C:\Users\casua\OneDrive - University of Calgary\School\ENSF 338\338FinalProject\my-api\target\test-classes;C:\Users\casua\OneDrive - University of Calgary\School\ENSF 338\338FinalProject\my-api\target\classes;C:\Users\casua\.m2\repository\junit\junit\4.11\junit-4.11.jar;C:\Users\casua\.m2\repository\org\hamcrest\hamcrest-core\1.3\hamcrest-core-1.3.jar;"/>
    <property name="sun.cpu.endian" value="little"/>
    <property name="user.home" value="C:\Users\casua"/>
    <property name="user.language" value="en"/>
    <property name="java.specification.vendor" value="Oracle Corporation"/>
    <property name="java.version.date" value="2022-10-18"/>
    <property name="java.home" value="C:\Program Files\Java\jdk-11.0.17"/>
    <property name="file.separator" value="\"/>
    <property name="basedir" value="C:\Users\casua\OneDrive - University of Calgary\School\ENSF 338\338FinalProject\my-api"/>
    <property name="java.vm.compressedOopsMode" value="Zero based"/>
    <property name="line.separator" value="&#10;"/>
    <property name="java.specification.name" value="Java Platform API Specification"/>
    <property name="java.vm.specification.vendor" value="Oracle Corporation"/>
    <property name="java.awt.graphicsenv" value="sun.awt.Win32GraphicsEnvironment"/>
    <property name="surefire.real.class.path" value="C:\Users\casua\AppData\Local\Temp\surefire6739545172778775234\surefirebooter8342103678036233465.jar"/>
    <property name="user.script" value=""/>
    <property name="sun.management.compiler" value="HotSpot 64-Bit Tiered Compilers"/>
    <property name="java.runtime.version" value="11.0.17+10-LTS-269"/>
    <property name="user.name" value="casua"/>
    <property name="path.separator" value=";"/>
    <property name="os.version" value="10.0"/>
    <property name="java.runtime.name" value="Java(TM) SE Runtime Environment"/>
    <property name="file.encoding" value="Cp1252"/>
    <property name="java.vm.name" value="Java HotSpot(TM) 64-Bit Server VM"/>
    <property name="java.vendor.version" value="18.9"/>
    <property name="localRepository" value="C:\Users\casua\.m2\repository"/>
    <property name="java.vendor.url.bug" value="https://bugreport.java.com/bugreport/"/>
    <property name="java.io.tmpdir" value="C:\Users\casua\AppData\Local\Temp\"/>
    <property name="java.version" value="11.0.17"/>
    <property name="user.dir" value="C:\Users\casua\OneDrive - University of Calgary\School\ENSF 338\338FinalProject\my-api"/>
    <property name="os.arch" value="amd64"/>
    <property name="java.vm.specification.name" value="Java Virtual Machine Specification"/>
    <property name="java.awt.printerjob" value="sun.awt.windows.WPrinterJob"/>
    <property name="sun.os.patch.level" value=""/>
    <property name="java.library.path" value="C:\Program Files\Java\jdk-11.0.17\bin;C:\WINDOWS\Sun\Java\bin;C:\WINDOWS\system32;C:\WINDOWS;C:\Program Files\Common Files\Oracle\Java\javapath;C:\Program Files (x86)\Razer Chroma SDK\bin;C:\Program Files\Razer Chroma SDK\bin;C:\Program Files (x86)\Razer\ChromaBroadcast\bin;C:\Program Files\Razer\ChromaBroadcast\bin;C:\Program Files (x86)\Common Files\Oracle\Java\javapath;C:\WINDOWS\system32;C:\WINDOWS;C:\WINDOWS\System32\Wbem;C:\WINDOWS\System32\WindowsPowerShell\v1.0\;C:\WINDOWS\System32\OpenSSH\;C:\Users\casua\AppData\Local\Microsoft\WindowsApps;C:\Users\casua\AppData\Local\Programs\Microsoft VS Code\bin;C:\Program Files\Git\cmd;C:\Program Files\Java\jdk-11.0.17\bin;C:\Program Files\nodejs\;C:\Program Files\Amazon\AWSCLIV2\;C:\ProgramData\chocolatey\bin;C:\Users\casua\AppData\Local\Microsoft\WindowsApps\PythonSoftwareFoundation.Python.3.9_qbz5n2kfra8p0;C:\Program Files\Docker\Docker\resources\bin;C:\Program Files\Java\jdk-11.0.17\bin;D:\Users\casua\AppData\Local\Programs\Microsoft VS Code\bin;C:\Users\casua\OneDrive\Documents\Apache\apache-maven-3.9.1-bin\apache-maven-3.9.1\bin;;."/>
    <property name="java.vendor" value="Oracle Corporation"/>
    <property name="java.vm.info" value="mixed mode"/>
    <property name="java.vm.version" value="11.0.17+10-LTS-269"/>
    <property name="sun.io.unicode.encoding" value="UnicodeLittle"/>
    <property name="java.class.version" value="55.0"/>
  </properties>
  <testcase name="testSortAtEmptyList" classname="mylib.datastructures.SLLTest" time="0"/>
  <testcase name="testDeleteTailAtSingleItemList" classname="mylib.datastructures.SLLTest" time="0"/>
  <testcase name="testClear" classname="mylib.datastructures.SLLTest" time="0"/>
  <testcase name="testSort" classname="mylib.datastructures.SLLTest" time="0"/>
  <testcase name="testDeleteAtEmptyList" classname="mylib.datastructures.SLLTest" time="0"/>
  <testcase name="testSortedInsertAtEmptyList" classname="mylib.datastructures.SLLTest" time="0"/>
  <testcase name="testInsertHead" classname="mylib.datastructures.SLLTest" time="0"/>
  <testcase name="testInsertTail" classname="mylib.datastructures.SLLTest" time="0"/>
  <testcase name="testDeleteHead" classname="mylib.datastructures.SLLTest" time="0"/>
  <testcase name="testDeleteTail" classname="mylib.datastructures.SLLTest" time="0"/>
  <testcase name="testInsertAtInvalidPosition" classname="mylib.datastructures.SLLTest" time="0"/>
  <testcase name="testInsertAtEmptyList" classname="mylib.datastructures.SLLTest" time="0"/>
  <testcase name="testDeleteHeadAtSingleItemList" classname="mylib.datastructures.SLLTest" time="0"/>
  <testcase name="testDelete" classname="mylib.datastructures.SLLTest" time="0"/>
  <testcase name="testInsert" classname="mylib.datastructures.SLLTest" time="0"/>
  <testcase name="isSortedFalseTest" classname="mylib.datastructures.SLLTest" time="0"/>
  <testcase name="testSortedInsert" classname="mylib.datastructures.SLLTest" time="0"/>
  <testcase name="testSearch" classname="mylib.datastructures.SLLTest" time="0"/>
  <testcase name="testSortedInsertAtHead" classname="mylib.datastructures.SLLTest" time="0"/>
  <testcase name="testSortedInsertAtTail" classname="mylib.datastructures.SLLTest" time="0"/>
  <testcase name="testClearAtEmptyList" classname="mylib.datastructures.SLLTest" time="0"/>
  <testcase name="testStringList" classname="mylib.datastructures.SLLTest" time="0"/>
</testsuite>