<?xml version="1.0" encoding="UTF-8"?>
<testsuite xmlns:xsi="http://www.w3.org/2001/XMLSchema-instance" xsi:noNamespaceSchemaLocation="https://maven.apache.org/surefire/maven-surefire-plugin/xsd/surefire-test-report.xsd" name="mylib.datastructures.BSTTest" time="0.004" tests="18" errors="0" skipped="0" failures="0">
  <properties>
    <property name="sun.desktop" value="windows"/>
    <property name="awt.toolkit" value="sun.awt.windows.WToolkit"/>
    <property name="file.encoding.pkg" value="sun.io"/>
    <property name="java.specification.version" value="1.8"/>
    <property name="sun.cpu.isalist" value="amd64"/>
    <property name="sun.jnu.encoding" value="Cp1252"/>
    <property name="java.class.path" value="C:\Users\casua\OneDrive - University of Calgary\School\ENSF 338\338FinalProject\my-api\target\test-classes;C:\Users\casua\OneDrive - University of Calgary\School\ENSF 338\338FinalProject\my-api\target\classes;C:\Users\casua\.m2\repository\junit\junit\4.11\junit-4.11.jar;C:\Users\casua\.m2\repository\org\hamcrest\hamcrest-core\1.3\hamcrest-core-1.3.jar;"/>
    <property name="java.vm.vendor" value="Oracle Corporation"/>
    <property name="sun.arch.data.model" value="64"/>
    <property name="user.variant" value=""/>
    <property name="java.vendor.url" value="http://java.oracle.com/"/>
    <property name="user.timezone" value="America/Denver"/>
    <property name="java.vm.specification.version" value="1.8"/>
    <property name="os.name" value="Windows 10"/>
    <property name="user.country" value="US"/>
    <property name="sun.java.launcher" value="SUN_STANDARD"/>
    <property name="sun.boot.library.path" value="C:\Program Files\Java\jre1.8.0_202\bin"/>
    <property name="sun.java.command" value="C:\Users\casua\AppData\Local\Temp\surefire7706234854170766620\surefirebooter8479558078062049823.jar C:\Users\casua\AppData\Local\Temp\surefire7706234854170766620 2023-04-12T17-53-02_315-jvmRun1 surefire8776797778633931553tmp surefire_03697915376645093787tmp"/>
    <property name="surefire.test.class.path" value="C:\Users\casua\OneDrive - University of Calgary\School\ENSF 338\338FinalProject\my-api\target\test-classes;C:\Users\casua\OneDrive - University of Calgary\School\ENSF 338\338FinalProject\my-api\target\classes;C:\Users\casua\.m2\repository\junit\junit\4.11\junit-4.11.jar;C:\Users\casua\.m2\repository\org\hamcrest\hamcrest-core\1.3\hamcrest-core-1.3.jar;"/>
    <property name="sun.cpu.endian" value="little"/>
    <property name="user.home" value="C:\Users\casua"/>
    <property name="user.language" value="en"/>
    <property name="java.specification.vendor" value="Oracle Corporation"/>
    <property name="java.home" value="C:\Program Files\Java\jre1.8.0_202"/>
    <property name="basedir" value="C:\Users\casua\OneDrive - University of Calgary\School\ENSF 338\338FinalProject\my-api"/>
    <property name="file.separator" value="\"/>
    <property name="line.separator" value="&#10;"/>
    <property name="java.vm.specification.vendor" value="Oracle Corporation"/>
    <property name="java.specification.name" value="Java Platform API Specification"/>
    <property name="java.awt.graphicsenv" value="sun.awt.Win32GraphicsEnvironment"/>
    <property name="surefire.real.class.path" value="C:\Users\casua\AppData\Local\Temp\surefire7706234854170766620\surefirebooter8479558078062049823.jar"/>
    <property name="sun.boot.class.path" value="C:\Program Files\Java\jre1.8.0_202\lib\resources.jar;C:\Program Files\Java\jre1.8.0_202\lib\rt.jar;C:\Program Files\Java\jre1.8.0_202\lib\sunrsasign.jar;C:\Program Files\Java\jre1.8.0_202\lib\jsse.jar;C:\Program Files\Java\jre1.8.0_202\lib\jce.jar;C:\Program Files\Java\jre1.8.0_202\lib\charsets.jar;C:\Program Files\Java\jre1.8.0_202\lib\jfr.jar;C:\Program Files\Java\jre1.8.0_202\classes"/>
    <property name="user.script" value=""/>
    <property name="sun.management.compiler" value="HotSpot 64-Bit Tiered Compilers"/>
    <property name="java.runtime.version" value="1.8.0_202-b08"/>
    <property name="user.name" value="casua"/>
    <property name="path.separator" value=";"/>
    <property name="os.version" value="10.0"/>
    <property name="java.endorsed.dirs" value="C:\Program Files\Java\jre1.8.0_202\lib\endorsed"/>
    <property name="java.runtime.name" value="Java(TM) SE Runtime Environment"/>
    <property name="file.encoding" value="Cp1252"/>
    <property name="java.vm.name" value="Java HotSpot(TM) 64-Bit Server VM"/>
    <property name="localRepository" value="C:\Users\casua\.m2\repository"/>
    <property name="java.vendor.url.bug" value="http://bugreport.sun.com/bugreport/"/>
    <property name="java.io.tmpdir" value="C:\Users\casua\AppData\Local\Temp\"/>
    <property name="java.version" value="1.8.0_202"/>
    <property name="user.dir" value="C:\Users\casua\OneDrive - University of Calgary\School\ENSF 338\338FinalProject\my-api"/>
    <property name="os.arch" value="amd64"/>
    <property name="java.vm.specification.name" value="Java Virtual Machine Specification"/>
    <property name="java.awt.printerjob" value="sun.awt.windows.WPrinterJob"/>
    <property name="sun.os.patch.level" value=""/>
    <property name="java.library.path" value="C:\Program Files\Java\jre1.8.0_202\bin;C:\WINDOWS\Sun\Java\bin;C:\WINDOWS\system32;C:\WINDOWS;C:\Program Files (x86)\Common Files\Oracle\Java\javapath;C:\Program Files\Java\jdk1.8.0_202\bin;C:\WINDOWS\system32;C:\WINDOWS;C:\WINDOWS\System32\Wbem;C:\WINDOWS\System32\WindowsPowerShell\v1.0\;C:\WINDOWS\System32\OpenSSH\;C:\Program Files\Git\cmd;C:\Program Files\nodejs\;C:\ProgramData\chocolatey\bin;C:\Program Files\Amazon\AWSCLIV2\;C:\Users\casua\AppData\Local\Microsoft\WindowsApps;C:\Users\casua\AppData\Local\Programs\Microsoft VS Code\bin;C:\intelFPGA_lite\18.1\modelsim_ase\win32aloem;C:\Users\casua\AppData\Roaming\npm;C:\Users\casua\OneDrive\Documents\Apache\apache-maven-3.9.1-bin\apache-maven-3.9.1\bin;;."/>
    <property name="java.vm.info" value="mixed mode"/>
    <property name="java.vendor" value="Oracle Corporation"/>
    <property name="java.vm.version" value="25.202-b08"/>
    <property name="java.ext.dirs" value="C:\Program Files\Java\jre1.8.0_202\lib\ext;C:\WINDOWS\Sun\Java\lib\ext"/>
    <property name="sun.io.unicode.encoding" value="UnicodeLittle"/>
    <property name="java.class.version" value="52.0"/>
  </properties>
  <testcase name="testInsertAndSearch" classname="mylib.datastructures.BSTTest" time="0"/>
  <testcase name="testPrintInOrderEmptyTree" classname="mylib.datastructures.BSTTest" time="0"/>
  <testcase name="testInsertAndDeleteRootNode" classname="mylib.datastructures.BSTTest" time="0"/>
  <testcase name="testPrintInOrder" classname="mylib.datastructures.BSTTest" time="0"/>
  <testcase name="testInsertDuplicateValues" classname="mylib.datastructures.BSTTest" time="0"/>
  <testcase name="testPrintBF" classname="mylib.datastructures.BSTTest" time="0"/>
  <testcase name="testIfRootCreationIsSuccessfull" classname="mylib.datastructures.BSTTest" time="0"/>
  <testcase name="testInsertAndGetRoot" classname="mylib.datastructures.BSTTest" time="0"/>
  <testcase name="testInsertAndDeleteAll" classname="mylib.datastructures.BSTTest" time="0"/>
  <testcase name="testInsertion" classname="mylib.datastructures.BSTTest" time="0"/>
  <testcase name="testDeleteBoundaries" classname="mylib.datastructures.BSTTest" time="0"/>
  <testcase name="testInsertAndDeleteSingleNode" classname="mylib.datastructures.BSTTest" time="0"/>
  <testcase name="testDelete" classname="mylib.datastructures.BSTTest" time="0"/>
  <testcase name="testPrintBFEmptyTree" classname="mylib.datastructures.BSTTest" time="0"/>
  <testcase name="testSearch" classname="mylib.datastructures.BSTTest" time="0"/>
  <testcase name="testInsertAndSearchMinMaxValues" classname="mylib.datastructures.BSTTest" time="0"/>
  <testcase name="testEmptyBST" classname="mylib.datastructures.BSTTest" time="0"/>
  <testcase name="testConstructor" classname="mylib.datastructures.BSTTest" time="0"/>
</testsuite>